2022-12-31 07:41:59,840 <I> create_upload_file:39: consumo_periodo_28-12-2021_28-12-2022.csv
2022-12-31 07:47:05,622 <I> create_upload_file:42: consumo_periodo_28-12-2021_28-12-2022.csv
2022-12-31 07:47:15,999 <I> create_upload_file:54: RD10 mean price: 0.1018 €/kWh 

2022-12-31 07:50:54,063 <I> create_upload_file:42: consumo_periodo_28-12-2021_28-12-2022.csv
2022-12-31 07:50:54,065 <I> create_upload_file:54: RD10 mean price: 0.1018 €/kWh 

2022-12-31 07:50:54,613 <I> create_upload_file:59: 1
2022-12-31 07:50:54,619 <I> print_data:328: Iberdrola Plan Online: 41.17€ (+0.00€)
2022-12-31 07:50:54,620 <I> print_data:328: Endesa One Luz 3 periodos: 41.24€ (+0.07€)
2022-12-31 07:50:54,620 <I> print_data:328: Octopus 3: 41.26€ (+0.09€)
2022-12-31 07:50:54,620 <I> print_data:328: Endesa conecta: 41.56€ (+0.38€)
2022-12-31 07:50:54,620 <I> print_data:328: Naturgy por Uso: 41.93€ (+0.76€)
2022-12-31 07:50:54,620 <I> print_data:328: Iberdrola Plan Online Horas: 41.96€ (+0.79€)
2022-12-31 07:50:54,620 <I> print_data:328: Repsol Ahorro Plus: 43.73€ (+2.55€)
2022-12-31 07:50:54,620 <I> print_data:328: Octopus Relax: 43.86€ (+2.69€)
2022-12-31 07:50:54,620 <I> print_data:328: Bonpreu Nueva: 44.58€ (+3.41€)
2022-12-31 07:50:54,620 <I> create_upload_file:61: 
2022-12-31 07:50:54,620 <I> create_upload_file:59: 2
2022-12-31 07:50:54,625 <I> print_data:328: Iberdrola Plan Online: 34.09€ (+0.00€)
2022-12-31 07:50:54,625 <I> print_data:328: Octopus 3: 34.13€ (+0.03€)
2022-12-31 07:50:54,625 <I> print_data:328: Endesa One Luz 3 periodos: 34.50€ (+0.41€)
2022-12-31 07:50:54,625 <I> print_data:328: Endesa conecta: 34.60€ (+0.51€)
2022-12-31 07:50:54,625 <I> print_data:328: Naturgy por Uso: 34.73€ (+0.64€)
2022-12-31 07:50:54,625 <I> print_data:328: Iberdrola Plan Online Horas: 34.80€ (+0.71€)
2022-12-31 07:50:54,625 <I> print_data:328: Repsol Ahorro Plus: 36.28€ (+2.18€)
2022-12-31 07:50:54,625 <I> print_data:328: Octopus Relax: 36.38€ (+2.28€)
2022-12-31 07:50:54,626 <I> print_data:328: Bonpreu Nueva: 36.78€ (+2.69€)
2022-12-31 07:50:54,626 <I> create_upload_file:61: 
2022-12-31 07:50:54,626 <I> create_upload_file:59: 3
2022-12-31 07:50:54,630 <I> print_data:328: Iberdrola Plan Online: 34.19€ (+0.00€)
2022-12-31 07:50:54,630 <I> print_data:328: Octopus 3: 34.39€ (+0.20€)
2022-12-31 07:50:54,630 <I> print_data:328: Naturgy por Uso: 34.84€ (+0.65€)
2022-12-31 07:50:54,630 <I> print_data:328: Endesa conecta: 34.93€ (+0.74€)
2022-12-31 07:50:54,630 <I> print_data:328: Iberdrola Plan Online Horas: 35.07€ (+0.88€)
2022-12-31 07:50:54,630 <I> print_data:328: Endesa One Luz 3 periodos: 35.22€ (+1.03€)
2022-12-31 07:50:54,630 <I> print_data:328: Repsol Ahorro Plus: 36.46€ (+2.27€)
2022-12-31 07:50:54,630 <I> print_data:328: Octopus Relax: 36.54€ (+2.35€)
2022-12-31 07:50:54,631 <I> print_data:328: Bonpreu Nueva: 36.93€ (+2.74€)
2022-12-31 07:50:54,631 <I> create_upload_file:61: 
2022-12-31 07:50:54,631 <I> create_upload_file:59: 4
2022-12-31 07:50:54,636 <I> print_data:328: Iberdrola Plan Online: 34.32€ (+0.00€)
2022-12-31 07:50:54,636 <I> print_data:328: Octopus 3: 34.35€ (+0.02€)
2022-12-31 07:50:54,636 <I> print_data:328: Naturgy por Uso: 34.97€ (+0.65€)
2022-12-31 07:50:54,636 <I> print_data:328: Endesa conecta: 34.98€ (+0.65€)
2022-12-31 07:50:54,636 <I> print_data:328: Endesa One Luz 3 periodos: 35.02€ (+0.70€)
2022-12-31 07:50:54,636 <I> print_data:328: Iberdrola Plan Online Horas: 35.09€ (+0.77€)
2022-12-31 07:50:54,636 <I> print_data:328: Repsol Ahorro Plus: 36.57€ (+2.25€)
2022-12-31 07:50:54,636 <I> print_data:328: Octopus Relax: 36.66€ (+2.34€)
2022-12-31 07:50:54,637 <I> print_data:328: Bonpreu Nueva: 36.94€ (+2.62€)
2022-12-31 07:50:54,637 <I> create_upload_file:61: 
2022-12-31 07:50:54,637 <I> create_upload_file:59: 5
2022-12-31 07:50:54,641 <I> print_data:328: Iberdrola Plan Online: 38.73€ (+0.00€)
2022-12-31 07:50:54,641 <I> print_data:328: Endesa conecta: 39.24€ (+0.51€)
2022-12-31 07:50:54,641 <I> print_data:328: Octopus 3: 39.33€ (+0.60€)
2022-12-31 07:50:54,641 <I> print_data:328: Naturgy por Uso: 39.46€ (+0.72€)
2022-12-31 07:50:54,641 <I> print_data:328: Endesa One Luz 3 periodos: 39.55€ (+0.82€)
2022-12-31 07:50:54,641 <I> print_data:328: Iberdrola Plan Online Horas: 39.79€ (+1.06€)
2022-12-31 07:50:54,641 <I> print_data:328: Repsol Ahorro Plus: 41.19€ (+2.46€)
2022-12-31 07:50:54,641 <I> print_data:328: Octopus Relax: 41.31€ (+2.57€)
2022-12-31 07:50:54,642 <I> print_data:328: Bonpreu Nueva: 42.39€ (+3.66€)
2022-12-31 07:50:54,642 <I> create_upload_file:61: 
2022-12-31 07:50:54,642 <I> create_upload_file:59: 6
2022-12-31 07:50:54,646 <I> print_data:328: Iberdrola Plan Online: 45.49€ (+0.00€)
2022-12-31 07:50:54,646 <I> print_data:328: Endesa conecta: 45.57€ (+0.08€)
2022-12-31 07:50:54,646 <I> print_data:328: Endesa One Luz 3 periodos: 46.25€ (+0.76€)
2022-12-31 07:50:54,646 <I> print_data:328: Naturgy por Uso: 46.32€ (+0.83€)
2022-12-31 07:50:54,646 <I> print_data:328: Iberdrola Plan Online Horas: 46.96€ (+1.47€)
2022-12-31 07:50:54,646 <I> print_data:328: Octopus 3: 47.14€ (+1.65€)
2022-12-31 07:50:54,646 <I> print_data:328: Repsol Ahorro Plus: 48.19€ (+2.70€)
2022-12-31 07:50:54,646 <I> print_data:328: Octopus Relax: 48.37€ (+2.88€)
2022-12-31 07:50:54,646 <I> print_data:328: Bonpreu Nueva: 50.99€ (+5.50€)
2022-12-31 07:50:54,646 <I> create_upload_file:61: 
2022-12-31 07:50:54,646 <I> create_upload_file:59: 7
2022-12-31 07:50:54,651 <I> print_data:328: Endesa One Luz 3 periodos: 50.47€ (+0.00€)
2022-12-31 07:50:54,651 <I> print_data:328: Endesa conecta: 50.50€ (+0.03€)
2022-12-31 07:50:54,651 <I> print_data:328: Iberdrola Plan Online: 50.60€ (+0.13€)
2022-12-31 07:50:54,651 <I> print_data:328: Naturgy por Uso: 51.51€ (+1.04€)
2022-12-31 07:50:54,651 <I> print_data:328: Octopus 3: 51.74€ (+1.27€)
2022-12-31 07:50:54,651 <I> print_data:328: Iberdrola Plan Online Horas: 51.79€ (+1.32€)
2022-12-31 07:50:54,651 <I> print_data:328: Repsol Ahorro Plus: 53.54€ (+3.07€)
2022-12-31 07:50:54,651 <I> print_data:328: Octopus Relax: 53.75€ (+3.28€)
2022-12-31 07:50:54,651 <I> print_data:328: Bonpreu Nueva: 56.11€ (+5.64€)
2022-12-31 07:50:54,652 <I> create_upload_file:61: 
2022-12-31 07:50:54,652 <I> create_upload_file:59: 8
2022-12-31 07:50:54,656 <I> print_data:328: Endesa conecta: 56.53€ (+0.00€)
2022-12-31 07:50:54,656 <I> print_data:328: Iberdrola Plan Online: 56.95€ (+0.42€)
2022-12-31 07:50:54,656 <I> print_data:328: Endesa One Luz 3 periodos: 57.16€ (+0.63€)
2022-12-31 07:50:54,656 <I> print_data:328: Naturgy por Uso: 57.97€ (+1.44€)
2022-12-31 07:50:54,656 <I> print_data:328: Iberdrola Plan Online Horas: 58.73€ (+2.20€)
2022-12-31 07:50:54,656 <I> print_data:328: Octopus 3: 59.37€ (+2.84€)
2022-12-31 07:50:54,656 <I> print_data:328: Repsol Ahorro Plus: 60.14€ (+3.61€)
2022-12-31 07:50:54,656 <I> print_data:328: Octopus Relax: 60.41€ (+3.88€)
2022-12-31 07:50:54,656 <I> print_data:328: Bonpreu Nueva: 64.47€ (+7.94€)
2022-12-31 07:50:54,656 <I> create_upload_file:61: 
2022-12-31 07:50:54,656 <I> create_upload_file:59: 9
2022-12-31 07:50:54,660 <I> print_data:328: Octopus 3: 31.50€ (+0.00€)
2022-12-31 07:50:54,660 <I> print_data:328: Iberdrola Plan Online: 31.66€ (+0.16€)
2022-12-31 07:50:54,660 <I> print_data:328: Naturgy por Uso: 32.27€ (+0.77€)
2022-12-31 07:50:54,660 <I> print_data:328: Iberdrola Plan Online Horas: 32.36€ (+0.86€)
2022-12-31 07:50:54,661 <I> print_data:328: Endesa conecta: 32.45€ (+0.95€)
2022-12-31 07:50:54,661 <I> print_data:328: Endesa One Luz 3 periodos: 32.52€ (+1.02€)
2022-12-31 07:50:54,661 <I> print_data:328: Repsol Ahorro Plus: 33.80€ (+2.30€)
2022-12-31 07:50:54,661 <I> print_data:328: Bonpreu Nueva: 33.80€ (+2.30€)
2022-12-31 07:50:54,661 <I> print_data:328: Octopus Relax: 33.87€ (+2.37€)
2022-12-31 07:50:54,661 <I> create_upload_file:61: 
2022-12-31 07:50:54,661 <I> create_upload_file:59: 10
2022-12-31 07:50:54,665 <I> print_data:328: Octopus 3: 33.07€ (+0.00€)
2022-12-31 07:50:54,666 <I> print_data:328: Iberdrola Plan Online: 33.65€ (+0.59€)
2022-12-31 07:50:54,666 <I> print_data:328: Endesa One Luz 3 periodos: 34.05€ (+0.98€)
2022-12-31 07:50:54,666 <I> print_data:328: Iberdrola Plan Online Horas: 34.18€ (+1.11€)
2022-12-31 07:50:54,666 <I> print_data:328: Naturgy por Uso: 34.30€ (+1.23€)
2022-12-31 07:50:54,666 <I> print_data:328: Endesa conecta: 34.42€ (+1.36€)
2022-12-31 07:50:54,666 <I> print_data:328: Bonpreu Nueva: 35.54€ (+2.48€)
2022-12-31 07:50:54,666 <I> print_data:328: Repsol Ahorro Plus: 35.90€ (+2.84€)
2022-12-31 07:50:54,666 <I> print_data:328: Octopus Relax: 35.98€ (+2.91€)
2022-12-31 07:50:54,666 <I> create_upload_file:61: 
2022-12-31 07:50:54,666 <I> create_upload_file:59: 11
2022-12-31 07:50:54,671 <I> print_data:328: Octopus 3: 28.99€ (+0.00€)
2022-12-31 07:50:54,671 <I> print_data:328: Iberdrola Plan Online: 29.56€ (+0.57€)
2022-12-31 07:50:54,671 <I> print_data:328: Iberdrola Plan Online Horas: 30.08€ (+1.10€)
2022-12-31 07:50:54,671 <I> print_data:328: Naturgy por Uso: 30.14€ (+1.15€)
2022-12-31 07:50:54,671 <I> print_data:328: Endesa One Luz 3 periodos: 30.32€ (+1.33€)
2022-12-31 07:50:54,671 <I> print_data:328: Endesa conecta: 30.46€ (+1.47€)
2022-12-31 07:50:54,671 <I> print_data:328: Bonpreu Nueva: 31.05€ (+2.06€)
2022-12-31 07:50:54,671 <I> print_data:328: Repsol Ahorro Plus: 31.62€ (+2.63€)
2022-12-31 07:50:54,671 <I> print_data:328: Octopus Relax: 31.67€ (+2.68€)
2022-12-31 07:50:54,671 <I> create_upload_file:61: 
2022-12-31 07:50:54,672 <I> create_upload_file:59: 12
2022-12-31 07:50:54,676 <I> print_data:328: Octopus 3: 34.70€ (+0.00€)
2022-12-31 07:50:54,676 <I> print_data:328: Iberdrola Plan Online: 35.22€ (+0.52€)
2022-12-31 07:50:54,676 <I> print_data:328: Endesa One Luz 3 periodos: 35.67€ (+0.97€)
2022-12-31 07:50:54,676 <I> print_data:328: Iberdrola Plan Online Horas: 35.78€ (+1.08€)
2022-12-31 07:50:54,676 <I> print_data:328: Naturgy por Uso: 35.90€ (+1.20€)
2022-12-31 07:50:54,676 <I> print_data:328: Endesa conecta: 35.99€ (+1.29€)
2022-12-31 07:50:54,676 <I> print_data:328: Bonpreu Nueva: 37.31€ (+2.61€)
2022-12-31 07:50:54,676 <I> print_data:328: Repsol Ahorro Plus: 37.57€ (+2.87€)
2022-12-31 07:50:54,676 <I> print_data:328: Octopus Relax: 37.65€ (+2.95€)
2022-12-31 07:50:54,676 <I> create_upload_file:61: 
2022-12-31 07:50:54,683 <I> print_data:328: Iberdrola Plan Online: 465.65€ (+0.00€)
2022-12-31 07:50:54,683 <I> print_data:328: Octopus 3: 469.96€ (+4.30€)
2022-12-31 07:50:54,683 <I> print_data:328: Endesa conecta: 471.24€ (+5.59€)
2022-12-31 07:50:54,683 <I> print_data:328: Endesa One Luz 3 periodos: 471.96€ (+6.31€)
2022-12-31 07:50:54,683 <I> print_data:328: Naturgy por Uso: 474.33€ (+8.68€)
2022-12-31 07:50:54,683 <I> print_data:328: Iberdrola Plan Online Horas: 476.62€ (+10.97€)
2022-12-31 07:50:54,683 <I> print_data:328: Repsol Ahorro Plus: 494.98€ (+29.33€)
2022-12-31 07:50:54,684 <I> print_data:328: Octopus Relax: 496.43€ (+30.78€)
2022-12-31 07:50:54,684 <I> print_data:328: Bonpreu Nueva: 506.91€ (+41.26€)
2022-12-31 07:50:54,684 <I> create_upload_file:64: 
2022-12-31 08:03:25,505 <I> create_upload_file:42: consumo_periodo_28-12-2021_28-12-2022.csv
2022-12-31 08:03:37,538 <I> create_upload_file:52: RD10 mean price: 0.1018 €/kWh 

2022-12-31 08:03:38,004 <I> create_upload_file:57: 1
2022-12-31 08:03:38,008 <I> get_data:340: Iberdrola Plan Online: 41.17€ (+0.00€)
2022-12-31 08:03:38,009 <I> get_data:340: Endesa One Luz 3 periodos: 41.24€ (+0.07€)
2022-12-31 08:03:38,009 <I> get_data:340: Octopus 3: 41.26€ (+0.09€)
2022-12-31 08:03:38,009 <I> get_data:340: Endesa conecta: 41.56€ (+0.38€)
2022-12-31 08:03:38,009 <I> get_data:340: Naturgy por Uso: 41.93€ (+0.76€)
2022-12-31 08:03:38,009 <I> get_data:340: Iberdrola Plan Online Horas: 41.96€ (+0.79€)
2022-12-31 08:03:38,009 <I> get_data:340: Repsol Ahorro Plus: 43.73€ (+2.55€)
2022-12-31 08:03:38,009 <I> get_data:340: Octopus Relax: 43.86€ (+2.69€)
2022-12-31 08:03:38,009 <I> get_data:340: Bonpreu Nueva: 44.58€ (+3.41€)
2022-12-31 08:03:38,009 <I> create_upload_file:59: 
2022-12-31 08:03:38,010 <I> create_upload_file:57: 2
2022-12-31 08:03:38,014 <I> get_data:340: Iberdrola Plan Online: 34.09€ (+0.00€)
2022-12-31 08:03:38,014 <I> get_data:340: Octopus 3: 34.13€ (+0.03€)
2022-12-31 08:03:38,014 <I> get_data:340: Endesa One Luz 3 periodos: 34.50€ (+0.41€)
2022-12-31 08:03:38,014 <I> get_data:340: Endesa conecta: 34.60€ (+0.51€)
2022-12-31 08:03:38,015 <I> get_data:340: Naturgy por Uso: 34.73€ (+0.64€)
2022-12-31 08:03:38,015 <I> get_data:340: Iberdrola Plan Online Horas: 34.80€ (+0.71€)
2022-12-31 08:03:38,015 <I> get_data:340: Repsol Ahorro Plus: 36.28€ (+2.18€)
2022-12-31 08:03:38,015 <I> get_data:340: Octopus Relax: 36.38€ (+2.28€)
2022-12-31 08:03:38,015 <I> get_data:340: Bonpreu Nueva: 36.78€ (+2.69€)
2022-12-31 08:03:38,015 <I> create_upload_file:59: 
2022-12-31 08:03:38,015 <I> create_upload_file:57: 3
2022-12-31 08:03:38,020 <I> get_data:340: Iberdrola Plan Online: 34.19€ (+0.00€)
2022-12-31 08:03:38,020 <I> get_data:340: Octopus 3: 34.39€ (+0.20€)
2022-12-31 08:03:38,020 <I> get_data:340: Naturgy por Uso: 34.84€ (+0.65€)
2022-12-31 08:03:38,020 <I> get_data:340: Endesa conecta: 34.93€ (+0.74€)
2022-12-31 08:03:38,020 <I> get_data:340: Iberdrola Plan Online Horas: 35.07€ (+0.88€)
2022-12-31 08:03:38,020 <I> get_data:340: Endesa One Luz 3 periodos: 35.22€ (+1.03€)
2022-12-31 08:03:38,020 <I> get_data:340: Repsol Ahorro Plus: 36.46€ (+2.27€)
2022-12-31 08:03:38,021 <I> get_data:340: Octopus Relax: 36.54€ (+2.35€)
2022-12-31 08:03:38,021 <I> get_data:340: Bonpreu Nueva: 36.93€ (+2.74€)
2022-12-31 08:03:38,021 <I> create_upload_file:59: 
2022-12-31 08:03:38,021 <I> create_upload_file:57: 4
2022-12-31 08:03:38,025 <I> get_data:340: Iberdrola Plan Online: 34.32€ (+0.00€)
2022-12-31 08:03:38,025 <I> get_data:340: Octopus 3: 34.35€ (+0.02€)
2022-12-31 08:03:38,025 <I> get_data:340: Naturgy por Uso: 34.97€ (+0.65€)
2022-12-31 08:03:38,026 <I> get_data:340: Endesa conecta: 34.98€ (+0.65€)
2022-12-31 08:03:38,026 <I> get_data:340: Endesa One Luz 3 periodos: 35.02€ (+0.70€)
2022-12-31 08:03:38,026 <I> get_data:340: Iberdrola Plan Online Horas: 35.09€ (+0.77€)
2022-12-31 08:03:38,026 <I> get_data:340: Repsol Ahorro Plus: 36.57€ (+2.25€)
2022-12-31 08:03:38,026 <I> get_data:340: Octopus Relax: 36.66€ (+2.34€)
2022-12-31 08:03:38,026 <I> get_data:340: Bonpreu Nueva: 36.94€ (+2.62€)
2022-12-31 08:03:38,026 <I> create_upload_file:59: 
2022-12-31 08:03:38,026 <I> create_upload_file:57: 5
2022-12-31 08:03:38,030 <I> get_data:340: Iberdrola Plan Online: 38.73€ (+0.00€)
2022-12-31 08:03:38,030 <I> get_data:340: Endesa conecta: 39.24€ (+0.51€)
2022-12-31 08:03:38,030 <I> get_data:340: Octopus 3: 39.33€ (+0.60€)
2022-12-31 08:03:38,030 <I> get_data:340: Naturgy por Uso: 39.46€ (+0.72€)
2022-12-31 08:03:38,030 <I> get_data:340: Endesa One Luz 3 periodos: 39.55€ (+0.82€)
2022-12-31 08:03:38,030 <I> get_data:340: Iberdrola Plan Online Horas: 39.79€ (+1.06€)
2022-12-31 08:03:38,030 <I> get_data:340: Repsol Ahorro Plus: 41.19€ (+2.46€)
2022-12-31 08:03:38,030 <I> get_data:340: Octopus Relax: 41.31€ (+2.57€)
2022-12-31 08:03:38,031 <I> get_data:340: Bonpreu Nueva: 42.39€ (+3.66€)
2022-12-31 08:03:38,031 <I> create_upload_file:59: 
2022-12-31 08:03:38,031 <I> create_upload_file:57: 6
2022-12-31 08:03:38,035 <I> get_data:340: Iberdrola Plan Online: 45.49€ (+0.00€)
2022-12-31 08:03:38,036 <I> get_data:340: Endesa conecta: 45.57€ (+0.08€)
2022-12-31 08:03:38,036 <I> get_data:340: Endesa One Luz 3 periodos: 46.25€ (+0.76€)
2022-12-31 08:03:38,036 <I> get_data:340: Naturgy por Uso: 46.32€ (+0.83€)
2022-12-31 08:03:38,036 <I> get_data:340: Iberdrola Plan Online Horas: 46.96€ (+1.47€)
2022-12-31 08:03:38,036 <I> get_data:340: Octopus 3: 47.14€ (+1.65€)
2022-12-31 08:03:38,036 <I> get_data:340: Repsol Ahorro Plus: 48.19€ (+2.70€)
2022-12-31 08:03:38,036 <I> get_data:340: Octopus Relax: 48.37€ (+2.88€)
2022-12-31 08:03:38,036 <I> get_data:340: Bonpreu Nueva: 50.99€ (+5.50€)
2022-12-31 08:03:38,036 <I> create_upload_file:59: 
2022-12-31 08:03:38,036 <I> create_upload_file:57: 7
2022-12-31 08:03:38,041 <I> get_data:340: Endesa One Luz 3 periodos: 50.47€ (+0.00€)
2022-12-31 08:03:38,041 <I> get_data:340: Endesa conecta: 50.50€ (+0.03€)
2022-12-31 08:03:38,041 <I> get_data:340: Iberdrola Plan Online: 50.60€ (+0.13€)
2022-12-31 08:03:38,041 <I> get_data:340: Naturgy por Uso: 51.51€ (+1.04€)
2022-12-31 08:03:38,041 <I> get_data:340: Octopus 3: 51.74€ (+1.27€)
2022-12-31 08:03:38,042 <I> get_data:340: Iberdrola Plan Online Horas: 51.79€ (+1.32€)
2022-12-31 08:03:38,042 <I> get_data:340: Repsol Ahorro Plus: 53.54€ (+3.07€)
2022-12-31 08:03:38,042 <I> get_data:340: Octopus Relax: 53.75€ (+3.28€)
2022-12-31 08:03:38,042 <I> get_data:340: Bonpreu Nueva: 56.11€ (+5.64€)
2022-12-31 08:03:38,042 <I> create_upload_file:59: 
2022-12-31 08:03:38,042 <I> create_upload_file:57: 8
2022-12-31 08:03:38,048 <I> get_data:340: Endesa conecta: 56.53€ (+0.00€)
2022-12-31 08:03:38,048 <I> get_data:340: Iberdrola Plan Online: 56.95€ (+0.42€)
2022-12-31 08:03:38,048 <I> get_data:340: Endesa One Luz 3 periodos: 57.16€ (+0.63€)
2022-12-31 08:03:38,048 <I> get_data:340: Naturgy por Uso: 57.97€ (+1.44€)
2022-12-31 08:03:38,048 <I> get_data:340: Iberdrola Plan Online Horas: 58.73€ (+2.20€)
2022-12-31 08:03:38,048 <I> get_data:340: Octopus 3: 59.37€ (+2.84€)
2022-12-31 08:03:38,048 <I> get_data:340: Repsol Ahorro Plus: 60.14€ (+3.61€)
2022-12-31 08:03:38,049 <I> get_data:340: Octopus Relax: 60.41€ (+3.88€)
2022-12-31 08:03:38,049 <I> get_data:340: Bonpreu Nueva: 64.47€ (+7.94€)
2022-12-31 08:03:38,049 <I> create_upload_file:59: 
2022-12-31 08:03:38,049 <I> create_upload_file:57: 9
2022-12-31 08:03:38,055 <I> get_data:340: Octopus 3: 31.50€ (+0.00€)
2022-12-31 08:03:38,055 <I> get_data:340: Iberdrola Plan Online: 31.66€ (+0.16€)
2022-12-31 08:03:38,055 <I> get_data:340: Naturgy por Uso: 32.27€ (+0.77€)
2022-12-31 08:03:38,056 <I> get_data:340: Iberdrola Plan Online Horas: 32.36€ (+0.86€)
2022-12-31 08:03:38,056 <I> get_data:340: Endesa conecta: 32.45€ (+0.95€)
2022-12-31 08:03:38,056 <I> get_data:340: Endesa One Luz 3 periodos: 32.52€ (+1.02€)
2022-12-31 08:03:38,056 <I> get_data:340: Repsol Ahorro Plus: 33.80€ (+2.30€)
2022-12-31 08:03:38,056 <I> get_data:340: Bonpreu Nueva: 33.80€ (+2.30€)
2022-12-31 08:03:38,056 <I> get_data:340: Octopus Relax: 33.87€ (+2.37€)
2022-12-31 08:03:38,056 <I> create_upload_file:59: 
2022-12-31 08:03:38,057 <I> create_upload_file:57: 10
2022-12-31 08:03:38,062 <I> get_data:340: Octopus 3: 33.07€ (+0.00€)
2022-12-31 08:03:38,062 <I> get_data:340: Iberdrola Plan Online: 33.65€ (+0.59€)
2022-12-31 08:03:38,062 <I> get_data:340: Endesa One Luz 3 periodos: 34.05€ (+0.98€)
2022-12-31 08:03:38,062 <I> get_data:340: Iberdrola Plan Online Horas: 34.18€ (+1.11€)
2022-12-31 08:03:38,062 <I> get_data:340: Naturgy por Uso: 34.30€ (+1.23€)
2022-12-31 08:03:38,062 <I> get_data:340: Endesa conecta: 34.42€ (+1.36€)
2022-12-31 08:03:38,062 <I> get_data:340: Bonpreu Nueva: 35.54€ (+2.48€)
2022-12-31 08:03:38,063 <I> get_data:340: Repsol Ahorro Plus: 35.90€ (+2.84€)
2022-12-31 08:03:38,063 <I> get_data:340: Octopus Relax: 35.98€ (+2.91€)
2022-12-31 08:03:38,063 <I> create_upload_file:59: 
2022-12-31 08:03:38,063 <I> create_upload_file:57: 11
2022-12-31 08:03:38,069 <I> get_data:340: Octopus 3: 28.99€ (+0.00€)
2022-12-31 08:03:38,069 <I> get_data:340: Iberdrola Plan Online: 29.56€ (+0.57€)
2022-12-31 08:03:38,069 <I> get_data:340: Iberdrola Plan Online Horas: 30.08€ (+1.10€)
2022-12-31 08:03:38,069 <I> get_data:340: Naturgy por Uso: 30.14€ (+1.15€)
2022-12-31 08:03:38,069 <I> get_data:340: Endesa One Luz 3 periodos: 30.32€ (+1.33€)
2022-12-31 08:03:38,069 <I> get_data:340: Endesa conecta: 30.46€ (+1.47€)
2022-12-31 08:03:38,069 <I> get_data:340: Bonpreu Nueva: 31.05€ (+2.06€)
2022-12-31 08:03:38,069 <I> get_data:340: Repsol Ahorro Plus: 31.62€ (+2.63€)
2022-12-31 08:03:38,069 <I> get_data:340: Octopus Relax: 31.67€ (+2.68€)
2022-12-31 08:03:38,070 <I> create_upload_file:59: 
2022-12-31 08:03:38,070 <I> create_upload_file:57: 12
2022-12-31 08:03:38,074 <I> get_data:340: Octopus 3: 34.70€ (+0.00€)
2022-12-31 08:03:38,074 <I> get_data:340: Iberdrola Plan Online: 35.22€ (+0.52€)
2022-12-31 08:03:38,074 <I> get_data:340: Endesa One Luz 3 periodos: 35.67€ (+0.97€)
2022-12-31 08:03:38,074 <I> get_data:340: Iberdrola Plan Online Horas: 35.78€ (+1.08€)
2022-12-31 08:03:38,074 <I> get_data:340: Naturgy por Uso: 35.90€ (+1.20€)
2022-12-31 08:03:38,075 <I> get_data:340: Endesa conecta: 35.99€ (+1.29€)
2022-12-31 08:03:38,075 <I> get_data:340: Bonpreu Nueva: 37.31€ (+2.61€)
2022-12-31 08:03:38,075 <I> get_data:340: Repsol Ahorro Plus: 37.57€ (+2.87€)
2022-12-31 08:03:38,075 <I> get_data:340: Octopus Relax: 37.65€ (+2.95€)
2022-12-31 08:03:38,075 <I> create_upload_file:59: 
2022-12-31 08:03:38,082 <I> get_data:340: Iberdrola Plan Online: 465.65€ (+0.00€)
2022-12-31 08:03:38,082 <I> get_data:340: Octopus 3: 469.96€ (+4.30€)
2022-12-31 08:03:38,082 <I> get_data:340: Endesa conecta: 471.24€ (+5.59€)
2022-12-31 08:03:38,082 <I> get_data:340: Endesa One Luz 3 periodos: 471.96€ (+6.31€)
2022-12-31 08:03:38,082 <I> get_data:340: Naturgy por Uso: 474.33€ (+8.68€)
2022-12-31 08:03:38,082 <I> get_data:340: Iberdrola Plan Online Horas: 476.62€ (+10.97€)
2022-12-31 08:03:38,082 <I> get_data:340: Repsol Ahorro Plus: 494.98€ (+29.33€)
2022-12-31 08:03:38,082 <I> get_data:340: Octopus Relax: 496.43€ (+30.78€)
2022-12-31 08:03:38,082 <I> get_data:340: Bonpreu Nueva: 506.91€ (+41.26€)
2022-12-31 08:05:44,496 <I> create_upload_file:42: consumo_periodo_28-12-2021_28-12-2022.csv
2022-12-31 08:05:44,498 <I> create_upload_file:52: RD10 mean price: 0.1018 €/kWh 

2022-12-31 08:05:45,071 <I> create_upload_file:57: 1
2022-12-31 08:05:45,077 <I> get_data:340: Iberdrola Plan Online: 41.17€ (+0.00€)
2022-12-31 08:05:45,077 <I> get_data:340: Endesa One Luz 3 periodos: 41.24€ (+0.07€)
2022-12-31 08:05:45,077 <I> get_data:340: Octopus 3: 41.26€ (+0.09€)
2022-12-31 08:05:45,077 <I> get_data:340: Endesa conecta: 41.56€ (+0.38€)
2022-12-31 08:05:45,077 <I> get_data:340: Naturgy por Uso: 41.93€ (+0.76€)
2022-12-31 08:05:45,077 <I> get_data:340: Iberdrola Plan Online Horas: 41.96€ (+0.79€)
2022-12-31 08:05:45,078 <I> get_data:340: Repsol Ahorro Plus: 43.73€ (+2.55€)
2022-12-31 08:05:45,078 <I> get_data:340: Octopus Relax: 43.86€ (+2.69€)
2022-12-31 08:05:45,078 <I> get_data:340: Bonpreu Nueva: 44.58€ (+3.41€)
2022-12-31 08:05:45,078 <I> create_upload_file:59: 
2022-12-31 08:05:45,078 <I> create_upload_file:57: 2
2022-12-31 08:05:45,083 <I> get_data:340: Iberdrola Plan Online: 34.09€ (+0.00€)
2022-12-31 08:05:45,083 <I> get_data:340: Octopus 3: 34.13€ (+0.03€)
2022-12-31 08:05:45,083 <I> get_data:340: Endesa One Luz 3 periodos: 34.50€ (+0.41€)
2022-12-31 08:05:45,083 <I> get_data:340: Endesa conecta: 34.60€ (+0.51€)
2022-12-31 08:05:45,083 <I> get_data:340: Naturgy por Uso: 34.73€ (+0.64€)
2022-12-31 08:05:45,083 <I> get_data:340: Iberdrola Plan Online Horas: 34.80€ (+0.71€)
2022-12-31 08:05:45,083 <I> get_data:340: Repsol Ahorro Plus: 36.28€ (+2.18€)
2022-12-31 08:05:45,084 <I> get_data:340: Octopus Relax: 36.38€ (+2.28€)
2022-12-31 08:05:45,084 <I> get_data:340: Bonpreu Nueva: 36.78€ (+2.69€)
2022-12-31 08:05:45,084 <I> create_upload_file:59: 
2022-12-31 08:05:45,084 <I> create_upload_file:57: 3
2022-12-31 08:05:45,089 <I> get_data:340: Iberdrola Plan Online: 34.19€ (+0.00€)
2022-12-31 08:05:45,090 <I> get_data:340: Octopus 3: 34.39€ (+0.20€)
2022-12-31 08:05:45,090 <I> get_data:340: Naturgy por Uso: 34.84€ (+0.65€)
2022-12-31 08:05:45,090 <I> get_data:340: Endesa conecta: 34.93€ (+0.74€)
2022-12-31 08:05:45,090 <I> get_data:340: Iberdrola Plan Online Horas: 35.07€ (+0.88€)
2022-12-31 08:05:45,090 <I> get_data:340: Endesa One Luz 3 periodos: 35.22€ (+1.03€)
2022-12-31 08:05:45,090 <I> get_data:340: Repsol Ahorro Plus: 36.46€ (+2.27€)
2022-12-31 08:05:45,090 <I> get_data:340: Octopus Relax: 36.54€ (+2.35€)
2022-12-31 08:05:45,090 <I> get_data:340: Bonpreu Nueva: 36.93€ (+2.74€)
2022-12-31 08:05:45,090 <I> create_upload_file:59: 
2022-12-31 08:05:45,090 <I> create_upload_file:57: 4
2022-12-31 08:05:45,095 <I> get_data:340: Iberdrola Plan Online: 34.32€ (+0.00€)
2022-12-31 08:05:45,095 <I> get_data:340: Octopus 3: 34.35€ (+0.02€)
2022-12-31 08:05:45,096 <I> get_data:340: Naturgy por Uso: 34.97€ (+0.65€)
2022-12-31 08:05:45,096 <I> get_data:340: Endesa conecta: 34.98€ (+0.65€)
2022-12-31 08:05:45,096 <I> get_data:340: Endesa One Luz 3 periodos: 35.02€ (+0.70€)
2022-12-31 08:05:45,096 <I> get_data:340: Iberdrola Plan Online Horas: 35.09€ (+0.77€)
2022-12-31 08:05:45,096 <I> get_data:340: Repsol Ahorro Plus: 36.57€ (+2.25€)
2022-12-31 08:05:45,096 <I> get_data:340: Octopus Relax: 36.66€ (+2.34€)
2022-12-31 08:05:45,096 <I> get_data:340: Bonpreu Nueva: 36.94€ (+2.62€)
2022-12-31 08:05:45,096 <I> create_upload_file:59: 
2022-12-31 08:05:45,096 <I> create_upload_file:57: 5
2022-12-31 08:05:45,101 <I> get_data:340: Iberdrola Plan Online: 38.73€ (+0.00€)
2022-12-31 08:05:45,101 <I> get_data:340: Endesa conecta: 39.24€ (+0.51€)
2022-12-31 08:05:45,101 <I> get_data:340: Octopus 3: 39.33€ (+0.60€)
2022-12-31 08:05:45,101 <I> get_data:340: Naturgy por Uso: 39.46€ (+0.72€)
2022-12-31 08:05:45,101 <I> get_data:340: Endesa One Luz 3 periodos: 39.55€ (+0.82€)
2022-12-31 08:05:45,101 <I> get_data:340: Iberdrola Plan Online Horas: 39.79€ (+1.06€)
2022-12-31 08:05:45,102 <I> get_data:340: Repsol Ahorro Plus: 41.19€ (+2.46€)
2022-12-31 08:05:45,102 <I> get_data:340: Octopus Relax: 41.31€ (+2.57€)
2022-12-31 08:05:45,102 <I> get_data:340: Bonpreu Nueva: 42.39€ (+3.66€)
2022-12-31 08:05:45,102 <I> create_upload_file:59: 
2022-12-31 08:05:45,102 <I> create_upload_file:57: 6
2022-12-31 08:05:45,107 <I> get_data:340: Iberdrola Plan Online: 45.49€ (+0.00€)
2022-12-31 08:05:45,107 <I> get_data:340: Endesa conecta: 45.57€ (+0.08€)
2022-12-31 08:05:45,107 <I> get_data:340: Endesa One Luz 3 periodos: 46.25€ (+0.76€)
2022-12-31 08:05:45,107 <I> get_data:340: Naturgy por Uso: 46.32€ (+0.83€)
2022-12-31 08:05:45,107 <I> get_data:340: Iberdrola Plan Online Horas: 46.96€ (+1.47€)
2022-12-31 08:05:45,107 <I> get_data:340: Octopus 3: 47.14€ (+1.65€)
2022-12-31 08:05:45,107 <I> get_data:340: Repsol Ahorro Plus: 48.19€ (+2.70€)
2022-12-31 08:05:45,107 <I> get_data:340: Octopus Relax: 48.37€ (+2.88€)
2022-12-31 08:05:45,107 <I> get_data:340: Bonpreu Nueva: 50.99€ (+5.50€)
2022-12-31 08:05:45,107 <I> create_upload_file:59: 
2022-12-31 08:05:45,107 <I> create_upload_file:57: 7
2022-12-31 08:05:45,112 <I> get_data:340: Endesa One Luz 3 periodos: 50.47€ (+0.00€)
2022-12-31 08:05:45,112 <I> get_data:340: Endesa conecta: 50.50€ (+0.03€)
2022-12-31 08:05:45,112 <I> get_data:340: Iberdrola Plan Online: 50.60€ (+0.13€)
2022-12-31 08:05:45,112 <I> get_data:340: Naturgy por Uso: 51.51€ (+1.04€)
2022-12-31 08:05:45,112 <I> get_data:340: Octopus 3: 51.74€ (+1.27€)
2022-12-31 08:05:45,113 <I> get_data:340: Iberdrola Plan Online Horas: 51.79€ (+1.32€)
2022-12-31 08:05:45,113 <I> get_data:340: Repsol Ahorro Plus: 53.54€ (+3.07€)
2022-12-31 08:05:45,113 <I> get_data:340: Octopus Relax: 53.75€ (+3.28€)
2022-12-31 08:05:45,113 <I> get_data:340: Bonpreu Nueva: 56.11€ (+5.64€)
2022-12-31 08:05:45,113 <I> create_upload_file:59: 
2022-12-31 08:05:45,113 <I> create_upload_file:57: 8
2022-12-31 08:05:45,118 <I> get_data:340: Endesa conecta: 56.53€ (+0.00€)
2022-12-31 08:05:45,118 <I> get_data:340: Iberdrola Plan Online: 56.95€ (+0.42€)
2022-12-31 08:05:45,118 <I> get_data:340: Endesa One Luz 3 periodos: 57.16€ (+0.63€)
2022-12-31 08:05:45,118 <I> get_data:340: Naturgy por Uso: 57.97€ (+1.44€)
2022-12-31 08:05:45,118 <I> get_data:340: Iberdrola Plan Online Horas: 58.73€ (+2.20€)
2022-12-31 08:05:45,118 <I> get_data:340: Octopus 3: 59.37€ (+2.84€)
2022-12-31 08:05:45,118 <I> get_data:340: Repsol Ahorro Plus: 60.14€ (+3.61€)
2022-12-31 08:05:45,118 <I> get_data:340: Octopus Relax: 60.41€ (+3.88€)
2022-12-31 08:05:45,118 <I> get_data:340: Bonpreu Nueva: 64.47€ (+7.94€)
2022-12-31 08:05:45,118 <I> create_upload_file:59: 
2022-12-31 08:05:45,119 <I> create_upload_file:57: 9
2022-12-31 08:05:45,123 <I> get_data:340: Octopus 3: 31.50€ (+0.00€)
2022-12-31 08:05:45,124 <I> get_data:340: Iberdrola Plan Online: 31.66€ (+0.16€)
2022-12-31 08:05:45,124 <I> get_data:340: Naturgy por Uso: 32.27€ (+0.77€)
2022-12-31 08:05:45,124 <I> get_data:340: Iberdrola Plan Online Horas: 32.36€ (+0.86€)
2022-12-31 08:05:45,124 <I> get_data:340: Endesa conecta: 32.45€ (+0.95€)
2022-12-31 08:05:45,124 <I> get_data:340: Endesa One Luz 3 periodos: 32.52€ (+1.02€)
2022-12-31 08:05:45,124 <I> get_data:340: Repsol Ahorro Plus: 33.80€ (+2.30€)
2022-12-31 08:05:45,124 <I> get_data:340: Bonpreu Nueva: 33.80€ (+2.30€)
2022-12-31 08:05:45,124 <I> get_data:340: Octopus Relax: 33.87€ (+2.37€)
2022-12-31 08:05:45,124 <I> create_upload_file:59: 
2022-12-31 08:05:45,124 <I> create_upload_file:57: 10
2022-12-31 08:05:45,129 <I> get_data:340: Octopus 3: 33.07€ (+0.00€)
2022-12-31 08:05:45,129 <I> get_data:340: Iberdrola Plan Online: 33.65€ (+0.59€)
2022-12-31 08:05:45,129 <I> get_data:340: Endesa One Luz 3 periodos: 34.05€ (+0.98€)
2022-12-31 08:05:45,129 <I> get_data:340: Iberdrola Plan Online Horas: 34.18€ (+1.11€)
2022-12-31 08:05:45,129 <I> get_data:340: Naturgy por Uso: 34.30€ (+1.23€)
2022-12-31 08:05:45,129 <I> get_data:340: Endesa conecta: 34.42€ (+1.36€)
2022-12-31 08:05:45,129 <I> get_data:340: Bonpreu Nueva: 35.54€ (+2.48€)
2022-12-31 08:05:45,129 <I> get_data:340: Repsol Ahorro Plus: 35.90€ (+2.84€)
2022-12-31 08:05:45,130 <I> get_data:340: Octopus Relax: 35.98€ (+2.91€)
2022-12-31 08:05:45,130 <I> create_upload_file:59: 
2022-12-31 08:05:45,130 <I> create_upload_file:57: 11
2022-12-31 08:05:45,134 <I> get_data:340: Octopus 3: 28.99€ (+0.00€)
2022-12-31 08:05:45,135 <I> get_data:340: Iberdrola Plan Online: 29.56€ (+0.57€)
2022-12-31 08:05:45,135 <I> get_data:340: Iberdrola Plan Online Horas: 30.08€ (+1.10€)
2022-12-31 08:05:45,135 <I> get_data:340: Naturgy por Uso: 30.14€ (+1.15€)
2022-12-31 08:05:45,135 <I> get_data:340: Endesa One Luz 3 periodos: 30.32€ (+1.33€)
2022-12-31 08:05:45,135 <I> get_data:340: Endesa conecta: 30.46€ (+1.47€)
2022-12-31 08:05:45,135 <I> get_data:340: Bonpreu Nueva: 31.05€ (+2.06€)
2022-12-31 08:05:45,135 <I> get_data:340: Repsol Ahorro Plus: 31.62€ (+2.63€)
2022-12-31 08:05:45,135 <I> get_data:340: Octopus Relax: 31.67€ (+2.68€)
2022-12-31 08:05:45,135 <I> create_upload_file:59: 
2022-12-31 08:05:45,135 <I> create_upload_file:57: 12
2022-12-31 08:05:45,140 <I> get_data:340: Octopus 3: 34.70€ (+0.00€)
2022-12-31 08:05:45,140 <I> get_data:340: Iberdrola Plan Online: 35.22€ (+0.52€)
2022-12-31 08:05:45,140 <I> get_data:340: Endesa One Luz 3 periodos: 35.67€ (+0.97€)
2022-12-31 08:05:45,140 <I> get_data:340: Iberdrola Plan Online Horas: 35.78€ (+1.08€)
2022-12-31 08:05:45,140 <I> get_data:340: Naturgy por Uso: 35.90€ (+1.20€)
2022-12-31 08:05:45,140 <I> get_data:340: Endesa conecta: 35.99€ (+1.29€)
2022-12-31 08:05:45,140 <I> get_data:340: Bonpreu Nueva: 37.31€ (+2.61€)
2022-12-31 08:05:45,141 <I> get_data:340: Repsol Ahorro Plus: 37.57€ (+2.87€)
2022-12-31 08:05:45,141 <I> get_data:340: Octopus Relax: 37.65€ (+2.95€)
2022-12-31 08:05:45,141 <I> create_upload_file:59: 
2022-12-31 08:05:45,148 <I> get_data:340: Iberdrola Plan Online: 465.65€ (+0.00€)
2022-12-31 08:05:45,148 <I> get_data:340: Octopus 3: 469.96€ (+4.30€)
2022-12-31 08:05:45,148 <I> get_data:340: Endesa conecta: 471.24€ (+5.59€)
2022-12-31 08:05:45,148 <I> get_data:340: Endesa One Luz 3 periodos: 471.96€ (+6.31€)
2022-12-31 08:05:45,149 <I> get_data:340: Naturgy por Uso: 474.33€ (+8.68€)
2022-12-31 08:05:45,149 <I> get_data:340: Iberdrola Plan Online Horas: 476.62€ (+10.97€)
2022-12-31 08:05:45,149 <I> get_data:340: Repsol Ahorro Plus: 494.98€ (+29.33€)
2022-12-31 08:05:45,149 <I> get_data:340: Octopus Relax: 496.43€ (+30.78€)
2022-12-31 08:05:45,149 <I> get_data:340: Bonpreu Nueva: 506.91€ (+41.26€)
2022-12-31 08:06:00,998 <I> create_upload_file:42: consumo_periodo_28-12-2021_28-12-2022.csv
2022-12-31 08:06:01,000 <I> create_upload_file:52: RD10 mean price: 0.1018 €/kWh 

2022-12-31 08:06:01,508 <I> create_upload_file:57: 1
2022-12-31 08:06:01,513 <I> get_data:340: Iberdrola Plan Online: 41.17€ (+0.00€)
2022-12-31 08:06:01,513 <I> get_data:340: Endesa One Luz 3 periodos: 41.24€ (+0.07€)
2022-12-31 08:06:01,514 <I> get_data:340: Octopus 3: 41.26€ (+0.09€)
2022-12-31 08:06:01,514 <I> get_data:340: Endesa conecta: 41.56€ (+0.38€)
2022-12-31 08:06:01,514 <I> get_data:340: Naturgy por Uso: 41.93€ (+0.76€)
2022-12-31 08:06:01,514 <I> get_data:340: Iberdrola Plan Online Horas: 41.96€ (+0.79€)
2022-12-31 08:06:01,514 <I> get_data:340: Repsol Ahorro Plus: 43.73€ (+2.55€)
2022-12-31 08:06:01,514 <I> get_data:340: Octopus Relax: 43.86€ (+2.69€)
2022-12-31 08:06:01,514 <I> get_data:340: Bonpreu Nueva: 44.58€ (+3.41€)
2022-12-31 08:06:01,514 <I> create_upload_file:59: 
2022-12-31 08:06:01,514 <I> create_upload_file:57: 2
2022-12-31 08:06:01,519 <I> get_data:340: Iberdrola Plan Online: 34.09€ (+0.00€)
2022-12-31 08:06:01,519 <I> get_data:340: Octopus 3: 34.13€ (+0.03€)
2022-12-31 08:06:01,519 <I> get_data:340: Endesa One Luz 3 periodos: 34.50€ (+0.41€)
2022-12-31 08:06:01,519 <I> get_data:340: Endesa conecta: 34.60€ (+0.51€)
2022-12-31 08:06:01,519 <I> get_data:340: Naturgy por Uso: 34.73€ (+0.64€)
2022-12-31 08:06:01,519 <I> get_data:340: Iberdrola Plan Online Horas: 34.80€ (+0.71€)
2022-12-31 08:06:01,519 <I> get_data:340: Repsol Ahorro Plus: 36.28€ (+2.18€)
2022-12-31 08:06:01,519 <I> get_data:340: Octopus Relax: 36.38€ (+2.28€)
2022-12-31 08:06:01,519 <I> get_data:340: Bonpreu Nueva: 36.78€ (+2.69€)
2022-12-31 08:06:01,519 <I> create_upload_file:59: 
2022-12-31 08:06:01,519 <I> create_upload_file:57: 3
2022-12-31 08:06:01,524 <I> get_data:340: Iberdrola Plan Online: 34.19€ (+0.00€)
2022-12-31 08:06:01,524 <I> get_data:340: Octopus 3: 34.39€ (+0.20€)
2022-12-31 08:06:01,524 <I> get_data:340: Naturgy por Uso: 34.84€ (+0.65€)
2022-12-31 08:06:01,524 <I> get_data:340: Endesa conecta: 34.93€ (+0.74€)
2022-12-31 08:06:01,524 <I> get_data:340: Iberdrola Plan Online Horas: 35.07€ (+0.88€)
2022-12-31 08:06:01,524 <I> get_data:340: Endesa One Luz 3 periodos: 35.22€ (+1.03€)
2022-12-31 08:06:01,524 <I> get_data:340: Repsol Ahorro Plus: 36.46€ (+2.27€)
2022-12-31 08:06:01,525 <I> get_data:340: Octopus Relax: 36.54€ (+2.35€)
2022-12-31 08:06:01,525 <I> get_data:340: Bonpreu Nueva: 36.93€ (+2.74€)
2022-12-31 08:06:01,525 <I> create_upload_file:59: 
2022-12-31 08:06:01,525 <I> create_upload_file:57: 4
2022-12-31 08:06:01,529 <I> get_data:340: Iberdrola Plan Online: 34.32€ (+0.00€)
2022-12-31 08:06:01,529 <I> get_data:340: Octopus 3: 34.35€ (+0.02€)
2022-12-31 08:06:01,529 <I> get_data:340: Naturgy por Uso: 34.97€ (+0.65€)
2022-12-31 08:06:01,529 <I> get_data:340: Endesa conecta: 34.98€ (+0.65€)
2022-12-31 08:06:01,530 <I> get_data:340: Endesa One Luz 3 periodos: 35.02€ (+0.70€)
2022-12-31 08:06:01,530 <I> get_data:340: Iberdrola Plan Online Horas: 35.09€ (+0.77€)
2022-12-31 08:06:01,530 <I> get_data:340: Repsol Ahorro Plus: 36.57€ (+2.25€)
2022-12-31 08:06:01,530 <I> get_data:340: Octopus Relax: 36.66€ (+2.34€)
2022-12-31 08:06:01,530 <I> get_data:340: Bonpreu Nueva: 36.94€ (+2.62€)
2022-12-31 08:06:01,530 <I> create_upload_file:59: 
2022-12-31 08:06:01,530 <I> create_upload_file:57: 5
2022-12-31 08:06:01,535 <I> get_data:340: Iberdrola Plan Online: 38.73€ (+0.00€)
2022-12-31 08:06:01,535 <I> get_data:340: Endesa conecta: 39.24€ (+0.51€)
2022-12-31 08:06:01,535 <I> get_data:340: Octopus 3: 39.33€ (+0.60€)
2022-12-31 08:06:01,535 <I> get_data:340: Naturgy por Uso: 39.46€ (+0.72€)
2022-12-31 08:06:01,535 <I> get_data:340: Endesa One Luz 3 periodos: 39.55€ (+0.82€)
2022-12-31 08:06:01,535 <I> get_data:340: Iberdrola Plan Online Horas: 39.79€ (+1.06€)
2022-12-31 08:06:01,535 <I> get_data:340: Repsol Ahorro Plus: 41.19€ (+2.46€)
2022-12-31 08:06:01,535 <I> get_data:340: Octopus Relax: 41.31€ (+2.57€)
2022-12-31 08:06:01,535 <I> get_data:340: Bonpreu Nueva: 42.39€ (+3.66€)
2022-12-31 08:06:01,535 <I> create_upload_file:59: 
2022-12-31 08:06:01,535 <I> create_upload_file:57: 6
2022-12-31 08:06:01,540 <I> get_data:340: Iberdrola Plan Online: 45.49€ (+0.00€)
2022-12-31 08:06:01,540 <I> get_data:340: Endesa conecta: 45.57€ (+0.08€)
2022-12-31 08:06:01,540 <I> get_data:340: Endesa One Luz 3 periodos: 46.25€ (+0.76€)
2022-12-31 08:06:01,540 <I> get_data:340: Naturgy por Uso: 46.32€ (+0.83€)
2022-12-31 08:06:01,540 <I> get_data:340: Iberdrola Plan Online Horas: 46.96€ (+1.47€)
2022-12-31 08:06:01,540 <I> get_data:340: Octopus 3: 47.14€ (+1.65€)
2022-12-31 08:06:01,540 <I> get_data:340: Repsol Ahorro Plus: 48.19€ (+2.70€)
2022-12-31 08:06:01,540 <I> get_data:340: Octopus Relax: 48.37€ (+2.88€)
2022-12-31 08:06:01,541 <I> get_data:340: Bonpreu Nueva: 50.99€ (+5.50€)
2022-12-31 08:06:01,541 <I> create_upload_file:59: 
2022-12-31 08:06:01,541 <I> create_upload_file:57: 7
2022-12-31 08:06:01,545 <I> get_data:340: Endesa One Luz 3 periodos: 50.47€ (+0.00€)
2022-12-31 08:06:01,545 <I> get_data:340: Endesa conecta: 50.50€ (+0.03€)
2022-12-31 08:06:01,545 <I> get_data:340: Iberdrola Plan Online: 50.60€ (+0.13€)
2022-12-31 08:06:01,545 <I> get_data:340: Naturgy por Uso: 51.51€ (+1.04€)
2022-12-31 08:06:01,545 <I> get_data:340: Octopus 3: 51.74€ (+1.27€)
2022-12-31 08:06:01,545 <I> get_data:340: Iberdrola Plan Online Horas: 51.79€ (+1.32€)
2022-12-31 08:06:01,546 <I> get_data:340: Repsol Ahorro Plus: 53.54€ (+3.07€)
2022-12-31 08:06:01,546 <I> get_data:340: Octopus Relax: 53.75€ (+3.28€)
2022-12-31 08:06:01,546 <I> get_data:340: Bonpreu Nueva: 56.11€ (+5.64€)
2022-12-31 08:06:01,546 <I> create_upload_file:59: 
2022-12-31 08:06:01,546 <I> create_upload_file:57: 8
2022-12-31 08:06:01,550 <I> get_data:340: Endesa conecta: 56.53€ (+0.00€)
2022-12-31 08:06:01,550 <I> get_data:340: Iberdrola Plan Online: 56.95€ (+0.42€)
2022-12-31 08:06:01,550 <I> get_data:340: Endesa One Luz 3 periodos: 57.16€ (+0.63€)
2022-12-31 08:06:01,550 <I> get_data:340: Naturgy por Uso: 57.97€ (+1.44€)
2022-12-31 08:06:01,550 <I> get_data:340: Iberdrola Plan Online Horas: 58.73€ (+2.20€)
2022-12-31 08:06:01,551 <I> get_data:340: Octopus 3: 59.37€ (+2.84€)
2022-12-31 08:06:01,551 <I> get_data:340: Repsol Ahorro Plus: 60.14€ (+3.61€)
2022-12-31 08:06:01,551 <I> get_data:340: Octopus Relax: 60.41€ (+3.88€)
2022-12-31 08:06:01,551 <I> get_data:340: Bonpreu Nueva: 64.47€ (+7.94€)
2022-12-31 08:06:01,551 <I> create_upload_file:59: 
2022-12-31 08:06:01,551 <I> create_upload_file:57: 9
2022-12-31 08:06:01,555 <I> get_data:340: Octopus 3: 31.50€ (+0.00€)
2022-12-31 08:06:01,556 <I> get_data:340: Iberdrola Plan Online: 31.66€ (+0.16€)
2022-12-31 08:06:01,556 <I> get_data:340: Naturgy por Uso: 32.27€ (+0.77€)
2022-12-31 08:06:01,556 <I> get_data:340: Iberdrola Plan Online Horas: 32.36€ (+0.86€)
2022-12-31 08:06:01,556 <I> get_data:340: Endesa conecta: 32.45€ (+0.95€)
2022-12-31 08:06:01,556 <I> get_data:340: Endesa One Luz 3 periodos: 32.52€ (+1.02€)
2022-12-31 08:06:01,556 <I> get_data:340: Repsol Ahorro Plus: 33.80€ (+2.30€)
2022-12-31 08:06:01,556 <I> get_data:340: Bonpreu Nueva: 33.80€ (+2.30€)
2022-12-31 08:06:01,556 <I> get_data:340: Octopus Relax: 33.87€ (+2.37€)
2022-12-31 08:06:01,556 <I> create_upload_file:59: 
2022-12-31 08:06:01,556 <I> create_upload_file:57: 10
2022-12-31 08:06:01,561 <I> get_data:340: Octopus 3: 33.07€ (+0.00€)
2022-12-31 08:06:01,561 <I> get_data:340: Iberdrola Plan Online: 33.65€ (+0.59€)
2022-12-31 08:06:01,561 <I> get_data:340: Endesa One Luz 3 periodos: 34.05€ (+0.98€)
2022-12-31 08:06:01,561 <I> get_data:340: Iberdrola Plan Online Horas: 34.18€ (+1.11€)
2022-12-31 08:06:01,561 <I> get_data:340: Naturgy por Uso: 34.30€ (+1.23€)
2022-12-31 08:06:01,561 <I> get_data:340: Endesa conecta: 34.42€ (+1.36€)
2022-12-31 08:06:01,561 <I> get_data:340: Bonpreu Nueva: 35.54€ (+2.48€)
2022-12-31 08:06:01,561 <I> get_data:340: Repsol Ahorro Plus: 35.90€ (+2.84€)
2022-12-31 08:06:01,561 <I> get_data:340: Octopus Relax: 35.98€ (+2.91€)
2022-12-31 08:06:01,561 <I> create_upload_file:59: 
2022-12-31 08:06:01,561 <I> create_upload_file:57: 11
2022-12-31 08:06:01,566 <I> get_data:340: Octopus 3: 28.99€ (+0.00€)
2022-12-31 08:06:01,566 <I> get_data:340: Iberdrola Plan Online: 29.56€ (+0.57€)
2022-12-31 08:06:01,566 <I> get_data:340: Iberdrola Plan Online Horas: 30.08€ (+1.10€)
2022-12-31 08:06:01,566 <I> get_data:340: Naturgy por Uso: 30.14€ (+1.15€)
2022-12-31 08:06:01,566 <I> get_data:340: Endesa One Luz 3 periodos: 30.32€ (+1.33€)
2022-12-31 08:06:01,566 <I> get_data:340: Endesa conecta: 30.46€ (+1.47€)
2022-12-31 08:06:01,566 <I> get_data:340: Bonpreu Nueva: 31.05€ (+2.06€)
2022-12-31 08:06:01,567 <I> get_data:340: Repsol Ahorro Plus: 31.62€ (+2.63€)
2022-12-31 08:06:01,567 <I> get_data:340: Octopus Relax: 31.67€ (+2.68€)
2022-12-31 08:06:01,567 <I> create_upload_file:59: 
2022-12-31 08:06:01,567 <I> create_upload_file:57: 12
2022-12-31 08:06:01,571 <I> get_data:340: Octopus 3: 34.70€ (+0.00€)
2022-12-31 08:06:01,571 <I> get_data:340: Iberdrola Plan Online: 35.22€ (+0.52€)
2022-12-31 08:06:01,571 <I> get_data:340: Endesa One Luz 3 periodos: 35.67€ (+0.97€)
2022-12-31 08:06:01,571 <I> get_data:340: Iberdrola Plan Online Horas: 35.78€ (+1.08€)
2022-12-31 08:06:01,572 <I> get_data:340: Naturgy por Uso: 35.90€ (+1.20€)
2022-12-31 08:06:01,572 <I> get_data:340: Endesa conecta: 35.99€ (+1.29€)
2022-12-31 08:06:01,572 <I> get_data:340: Bonpreu Nueva: 37.31€ (+2.61€)
2022-12-31 08:06:01,572 <I> get_data:340: Repsol Ahorro Plus: 37.57€ (+2.87€)
2022-12-31 08:06:01,572 <I> get_data:340: Octopus Relax: 37.65€ (+2.95€)
2022-12-31 08:06:01,572 <I> create_upload_file:59: 
2022-12-31 08:06:01,579 <I> get_data:340: Iberdrola Plan Online: 465.65€ (+0.00€)
2022-12-31 08:06:01,579 <I> get_data:340: Octopus 3: 469.96€ (+4.30€)
2022-12-31 08:06:01,579 <I> get_data:340: Endesa conecta: 471.24€ (+5.59€)
2022-12-31 08:06:01,579 <I> get_data:340: Endesa One Luz 3 periodos: 471.96€ (+6.31€)
2022-12-31 08:06:01,579 <I> get_data:340: Naturgy por Uso: 474.33€ (+8.68€)
2022-12-31 08:06:01,579 <I> get_data:340: Iberdrola Plan Online Horas: 476.62€ (+10.97€)
2022-12-31 08:06:01,579 <I> get_data:340: Repsol Ahorro Plus: 494.98€ (+29.33€)
2022-12-31 08:06:01,579 <I> get_data:340: Octopus Relax: 496.43€ (+30.78€)
2022-12-31 08:06:01,579 <I> get_data:340: Bonpreu Nueva: 506.91€ (+41.26€)
2022-12-31 08:08:16,860 <I> create_upload_file:42: consumo_periodo_28-12-2021_28-12-2022.csv
2022-12-31 08:08:16,862 <I> create_upload_file:52: RD10 mean price: 0.1018 €/kWh 

2022-12-31 08:08:17,374 <I> create_upload_file:57: 1
2022-12-31 08:08:17,379 <I> get_data:340: Iberdrola Plan Online: 41.17€ (+0.00€)
2022-12-31 08:08:17,379 <I> get_data:340: Endesa One Luz 3 periodos: 41.24€ (+0.07€)
2022-12-31 08:08:17,379 <I> get_data:340: Octopus 3: 41.26€ (+0.09€)
2022-12-31 08:08:17,379 <I> get_data:340: Endesa conecta: 41.56€ (+0.38€)
2022-12-31 08:08:17,379 <I> get_data:340: Naturgy por Uso: 41.93€ (+0.76€)
2022-12-31 08:08:17,380 <I> get_data:340: Iberdrola Plan Online Horas: 41.96€ (+0.79€)
2022-12-31 08:08:17,380 <I> get_data:340: Repsol Ahorro Plus: 43.73€ (+2.55€)
2022-12-31 08:08:17,380 <I> get_data:340: Octopus Relax: 43.86€ (+2.69€)
2022-12-31 08:08:17,380 <I> get_data:340: Bonpreu Nueva: 44.58€ (+3.41€)
2022-12-31 08:08:17,380 <I> create_upload_file:59: 
2022-12-31 08:08:17,380 <I> create_upload_file:57: 2
2022-12-31 08:08:17,385 <I> get_data:340: Iberdrola Plan Online: 34.09€ (+0.00€)
2022-12-31 08:08:17,385 <I> get_data:340: Octopus 3: 34.13€ (+0.03€)
2022-12-31 08:08:17,385 <I> get_data:340: Endesa One Luz 3 periodos: 34.50€ (+0.41€)
2022-12-31 08:08:17,385 <I> get_data:340: Endesa conecta: 34.60€ (+0.51€)
2022-12-31 08:08:17,385 <I> get_data:340: Naturgy por Uso: 34.73€ (+0.64€)
2022-12-31 08:08:17,385 <I> get_data:340: Iberdrola Plan Online Horas: 34.80€ (+0.71€)
2022-12-31 08:08:17,385 <I> get_data:340: Repsol Ahorro Plus: 36.28€ (+2.18€)
2022-12-31 08:08:17,385 <I> get_data:340: Octopus Relax: 36.38€ (+2.28€)
2022-12-31 08:08:17,385 <I> get_data:340: Bonpreu Nueva: 36.78€ (+2.69€)
2022-12-31 08:08:17,385 <I> create_upload_file:59: 
2022-12-31 08:08:17,386 <I> create_upload_file:57: 3
2022-12-31 08:08:17,389 <I> get_data:340: Iberdrola Plan Online: 34.19€ (+0.00€)
2022-12-31 08:08:17,390 <I> get_data:340: Octopus 3: 34.39€ (+0.20€)
2022-12-31 08:08:17,390 <I> get_data:340: Naturgy por Uso: 34.84€ (+0.65€)
2022-12-31 08:08:17,390 <I> get_data:340: Endesa conecta: 34.93€ (+0.74€)
2022-12-31 08:08:17,390 <I> get_data:340: Iberdrola Plan Online Horas: 35.07€ (+0.88€)
2022-12-31 08:08:17,390 <I> get_data:340: Endesa One Luz 3 periodos: 35.22€ (+1.03€)
2022-12-31 08:08:17,390 <I> get_data:340: Repsol Ahorro Plus: 36.46€ (+2.27€)
2022-12-31 08:08:17,390 <I> get_data:340: Octopus Relax: 36.54€ (+2.35€)
2022-12-31 08:08:17,390 <I> get_data:340: Bonpreu Nueva: 36.93€ (+2.74€)
2022-12-31 08:08:17,390 <I> create_upload_file:59: 
2022-12-31 08:08:17,390 <I> create_upload_file:57: 4
2022-12-31 08:08:17,394 <I> get_data:340: Iberdrola Plan Online: 34.32€ (+0.00€)
2022-12-31 08:08:17,394 <I> get_data:340: Octopus 3: 34.35€ (+0.02€)
2022-12-31 08:08:17,394 <I> get_data:340: Naturgy por Uso: 34.97€ (+0.65€)
2022-12-31 08:08:17,394 <I> get_data:340: Endesa conecta: 34.98€ (+0.65€)
2022-12-31 08:08:17,394 <I> get_data:340: Endesa One Luz 3 periodos: 35.02€ (+0.70€)
2022-12-31 08:08:17,394 <I> get_data:340: Iberdrola Plan Online Horas: 35.09€ (+0.77€)
2022-12-31 08:08:17,395 <I> get_data:340: Repsol Ahorro Plus: 36.57€ (+2.25€)
2022-12-31 08:08:17,395 <I> get_data:340: Octopus Relax: 36.66€ (+2.34€)
2022-12-31 08:08:17,395 <I> get_data:340: Bonpreu Nueva: 36.94€ (+2.62€)
2022-12-31 08:08:17,395 <I> create_upload_file:59: 
2022-12-31 08:08:17,395 <I> create_upload_file:57: 5
2022-12-31 08:08:17,400 <I> get_data:340: Iberdrola Plan Online: 38.73€ (+0.00€)
2022-12-31 08:08:17,400 <I> get_data:340: Endesa conecta: 39.24€ (+0.51€)
2022-12-31 08:08:17,400 <I> get_data:340: Octopus 3: 39.33€ (+0.60€)
2022-12-31 08:08:17,400 <I> get_data:340: Naturgy por Uso: 39.46€ (+0.72€)
2022-12-31 08:08:17,400 <I> get_data:340: Endesa One Luz 3 periodos: 39.55€ (+0.82€)
2022-12-31 08:08:17,400 <I> get_data:340: Iberdrola Plan Online Horas: 39.79€ (+1.06€)
2022-12-31 08:08:17,400 <I> get_data:340: Repsol Ahorro Plus: 41.19€ (+2.46€)
2022-12-31 08:08:17,401 <I> get_data:340: Octopus Relax: 41.31€ (+2.57€)
2022-12-31 08:08:17,401 <I> get_data:340: Bonpreu Nueva: 42.39€ (+3.66€)
2022-12-31 08:08:17,401 <I> create_upload_file:59: 
2022-12-31 08:08:17,401 <I> create_upload_file:57: 6
2022-12-31 08:08:17,405 <I> get_data:340: Iberdrola Plan Online: 45.49€ (+0.00€)
2022-12-31 08:08:17,405 <I> get_data:340: Endesa conecta: 45.57€ (+0.08€)
2022-12-31 08:08:17,405 <I> get_data:340: Endesa One Luz 3 periodos: 46.25€ (+0.76€)
2022-12-31 08:08:17,405 <I> get_data:340: Naturgy por Uso: 46.32€ (+0.83€)
2022-12-31 08:08:17,405 <I> get_data:340: Iberdrola Plan Online Horas: 46.96€ (+1.47€)
2022-12-31 08:08:17,405 <I> get_data:340: Octopus 3: 47.14€ (+1.65€)
2022-12-31 08:08:17,405 <I> get_data:340: Repsol Ahorro Plus: 48.19€ (+2.70€)
2022-12-31 08:08:17,405 <I> get_data:340: Octopus Relax: 48.37€ (+2.88€)
2022-12-31 08:08:17,405 <I> get_data:340: Bonpreu Nueva: 50.99€ (+5.50€)
2022-12-31 08:08:17,406 <I> create_upload_file:59: 
2022-12-31 08:08:17,406 <I> create_upload_file:57: 7
2022-12-31 08:08:17,410 <I> get_data:340: Endesa One Luz 3 periodos: 50.47€ (+0.00€)
2022-12-31 08:08:17,410 <I> get_data:340: Endesa conecta: 50.50€ (+0.03€)
2022-12-31 08:08:17,410 <I> get_data:340: Iberdrola Plan Online: 50.60€ (+0.13€)
2022-12-31 08:08:17,410 <I> get_data:340: Naturgy por Uso: 51.51€ (+1.04€)
2022-12-31 08:08:17,410 <I> get_data:340: Octopus 3: 51.74€ (+1.27€)
2022-12-31 08:08:17,410 <I> get_data:340: Iberdrola Plan Online Horas: 51.79€ (+1.32€)
2022-12-31 08:08:17,410 <I> get_data:340: Repsol Ahorro Plus: 53.54€ (+3.07€)
2022-12-31 08:08:17,410 <I> get_data:340: Octopus Relax: 53.75€ (+3.28€)
2022-12-31 08:08:17,410 <I> get_data:340: Bonpreu Nueva: 56.11€ (+5.64€)
2022-12-31 08:08:17,410 <I> create_upload_file:59: 
2022-12-31 08:08:17,410 <I> create_upload_file:57: 8
2022-12-31 08:08:17,414 <I> get_data:340: Endesa conecta: 56.53€ (+0.00€)
2022-12-31 08:08:17,415 <I> get_data:340: Iberdrola Plan Online: 56.95€ (+0.42€)
2022-12-31 08:08:17,415 <I> get_data:340: Endesa One Luz 3 periodos: 57.16€ (+0.63€)
2022-12-31 08:08:17,415 <I> get_data:340: Naturgy por Uso: 57.97€ (+1.44€)
2022-12-31 08:08:17,415 <I> get_data:340: Iberdrola Plan Online Horas: 58.73€ (+2.20€)
2022-12-31 08:08:17,415 <I> get_data:340: Octopus 3: 59.37€ (+2.84€)
2022-12-31 08:08:17,415 <I> get_data:340: Repsol Ahorro Plus: 60.14€ (+3.61€)
2022-12-31 08:08:17,415 <I> get_data:340: Octopus Relax: 60.41€ (+3.88€)
2022-12-31 08:08:17,415 <I> get_data:340: Bonpreu Nueva: 64.47€ (+7.94€)
2022-12-31 08:08:17,415 <I> create_upload_file:59: 
2022-12-31 08:08:17,415 <I> create_upload_file:57: 9
2022-12-31 08:08:17,420 <I> get_data:340: Octopus 3: 31.50€ (+0.00€)
2022-12-31 08:08:17,420 <I> get_data:340: Iberdrola Plan Online: 31.66€ (+0.16€)
2022-12-31 08:08:17,420 <I> get_data:340: Naturgy por Uso: 32.27€ (+0.77€)
2022-12-31 08:08:17,420 <I> get_data:340: Iberdrola Plan Online Horas: 32.36€ (+0.86€)
2022-12-31 08:08:17,420 <I> get_data:340: Endesa conecta: 32.45€ (+0.95€)
2022-12-31 08:08:17,420 <I> get_data:340: Endesa One Luz 3 periodos: 32.52€ (+1.02€)
2022-12-31 08:08:17,420 <I> get_data:340: Repsol Ahorro Plus: 33.80€ (+2.30€)
2022-12-31 08:08:17,420 <I> get_data:340: Bonpreu Nueva: 33.80€ (+2.30€)
2022-12-31 08:08:17,420 <I> get_data:340: Octopus Relax: 33.87€ (+2.37€)
2022-12-31 08:08:17,420 <I> create_upload_file:59: 
2022-12-31 08:08:17,420 <I> create_upload_file:57: 10
2022-12-31 08:08:17,424 <I> get_data:340: Octopus 3: 33.07€ (+0.00€)
2022-12-31 08:08:17,424 <I> get_data:340: Iberdrola Plan Online: 33.65€ (+0.59€)
2022-12-31 08:08:17,425 <I> get_data:340: Endesa One Luz 3 periodos: 34.05€ (+0.98€)
2022-12-31 08:08:17,425 <I> get_data:340: Iberdrola Plan Online Horas: 34.18€ (+1.11€)
2022-12-31 08:08:17,425 <I> get_data:340: Naturgy por Uso: 34.30€ (+1.23€)
2022-12-31 08:08:17,425 <I> get_data:340: Endesa conecta: 34.42€ (+1.36€)
2022-12-31 08:08:17,425 <I> get_data:340: Bonpreu Nueva: 35.54€ (+2.48€)
2022-12-31 08:08:17,425 <I> get_data:340: Repsol Ahorro Plus: 35.90€ (+2.84€)
2022-12-31 08:08:17,425 <I> get_data:340: Octopus Relax: 35.98€ (+2.91€)
2022-12-31 08:08:17,425 <I> create_upload_file:59: 
2022-12-31 08:08:17,425 <I> create_upload_file:57: 11
2022-12-31 08:08:17,430 <I> get_data:340: Octopus 3: 28.99€ (+0.00€)
2022-12-31 08:08:17,430 <I> get_data:340: Iberdrola Plan Online: 29.56€ (+0.57€)
2022-12-31 08:08:17,430 <I> get_data:340: Iberdrola Plan Online Horas: 30.08€ (+1.10€)
2022-12-31 08:08:17,430 <I> get_data:340: Naturgy por Uso: 30.14€ (+1.15€)
2022-12-31 08:08:17,430 <I> get_data:340: Endesa One Luz 3 periodos: 30.32€ (+1.33€)
2022-12-31 08:08:17,430 <I> get_data:340: Endesa conecta: 30.46€ (+1.47€)
2022-12-31 08:08:17,430 <I> get_data:340: Bonpreu Nueva: 31.05€ (+2.06€)
2022-12-31 08:08:17,430 <I> get_data:340: Repsol Ahorro Plus: 31.62€ (+2.63€)
2022-12-31 08:08:17,430 <I> get_data:340: Octopus Relax: 31.67€ (+2.68€)
2022-12-31 08:08:17,430 <I> create_upload_file:59: 
2022-12-31 08:08:17,430 <I> create_upload_file:57: 12
2022-12-31 08:08:17,434 <I> get_data:340: Octopus 3: 34.70€ (+0.00€)
2022-12-31 08:08:17,434 <I> get_data:340: Iberdrola Plan Online: 35.22€ (+0.52€)
2022-12-31 08:08:17,435 <I> get_data:340: Endesa One Luz 3 periodos: 35.67€ (+0.97€)
2022-12-31 08:08:17,435 <I> get_data:340: Iberdrola Plan Online Horas: 35.78€ (+1.08€)
2022-12-31 08:08:17,435 <I> get_data:340: Naturgy por Uso: 35.90€ (+1.20€)
2022-12-31 08:08:17,435 <I> get_data:340: Endesa conecta: 35.99€ (+1.29€)
2022-12-31 08:08:17,435 <I> get_data:340: Bonpreu Nueva: 37.31€ (+2.61€)
2022-12-31 08:08:17,435 <I> get_data:340: Repsol Ahorro Plus: 37.57€ (+2.87€)
2022-12-31 08:08:17,435 <I> get_data:340: Octopus Relax: 37.65€ (+2.95€)
2022-12-31 08:08:17,435 <I> create_upload_file:59: 
2022-12-31 08:08:17,441 <I> get_data:340: Iberdrola Plan Online: 465.65€ (+0.00€)
2022-12-31 08:08:17,441 <I> get_data:340: Octopus 3: 469.96€ (+4.30€)
2022-12-31 08:08:17,441 <I> get_data:340: Endesa conecta: 471.24€ (+5.59€)
2022-12-31 08:08:17,441 <I> get_data:340: Endesa One Luz 3 periodos: 471.96€ (+6.31€)
2022-12-31 08:08:17,441 <I> get_data:340: Naturgy por Uso: 474.33€ (+8.68€)
2022-12-31 08:08:17,441 <I> get_data:340: Iberdrola Plan Online Horas: 476.62€ (+10.97€)
2022-12-31 08:08:17,442 <I> get_data:340: Repsol Ahorro Plus: 494.98€ (+29.33€)
2022-12-31 08:08:17,442 <I> get_data:340: Octopus Relax: 496.43€ (+30.78€)
2022-12-31 08:08:17,442 <I> get_data:340: Bonpreu Nueva: 506.91€ (+41.26€)
